# timestamp | duration | file | instruction | dir | modtime | etag | size | fileId | status | errorString | http result code | other size | other modtime | other etag | other fileId | other instruction
#=#=#=# Syncrun started 2017-07-07T14:16:57
#=#=#=#=# Propagation starts 2017-07-07T14:16:58 (last step: 610 msec, total: 610 msec)
14:16:58||lib|INST_NEW|Up|1496514073||4096|00000275oc3bhx8sazb5|4||201|0|0|||INST_NONE|
14:16:58||pictures|INST_NEW|Up|1498838691||4096|00000278oc3bhx8sazb5|4||201|0|0|||INST_NONE|
14:16:58||source|INST_NEW|Up|1496514073||4096|00000284oc3bhx8sazb5|4||201|0|0|||INST_NONE|
14:16:58||data_for_processing|INST_NEW|Up|1499431911|f21a9aa824fd121f05bdce6cba87241d|4|00000287oc3bhx8sazb5|4||201|0|0|||INST_NONE|
14:16:58||name_of_the_pic|INST_NEW|Up|1499431911|e73df480412bf1386ee227df5869ef9d|9|00000290oc3bhx8sazb5|4||201|0|0|||INST_NONE|
14:16:58||pixelsorting|INST_NEW|Up|1496520534|414681e529ba8af2ddc2b473b47adeb7|328|00000293oc3bhx8sazb5|4||201|0|0|||INST_NONE|
14:16:59||lib/gluegen-rt-natives-linux-i586.jar|INST_NEW|Up|1495194574|cc3051b0523f706c4abc569e63600226|4130|00000296oc3bhx8sazb5|4||201|0|0|||INST_NONE|
14:16:59||lib/gluegen-rt-natives-linux-armv6hf.jar|INST_NEW|Up|1445621000|62eccf2dbb230c5aa0337c2aaf07e0f4|3050|00000299oc3bhx8sazb5|4||201|0|0|||INST_NONE|
14:16:59||lib/jogl-all-natives-linux-armv6hf.jar|INST_NEW|Up|1445621000|7167edf816f018c1d6ff47ee13426368|164852|00000302oc3bhx8sazb5|4||201|0|0|||INST_NONE|
14:16:59||lib/gluegen-rt.jar|INST_NEW|Up|1445621000|33a8702a48ddb39eaa38e333d7cf837b|345605|00000305oc3bhx8sazb5|4||201|0|0|||INST_NONE|
14:16:59||lib/core.jar|INST_NEW|Up|1445621000|e9809d95c2a5f34cc430515b54b74101|1004755|00000308oc3bhx8sazb5|4||201|0|0|||INST_NONE|
14:17:00||lib/jogl-all-natives-linux-i586.jar|INST_NEW|Up|1495194574|76c35611eaf9d273f405211c90be6891|217274|00000314oc3bhx8sazb5|4||201|0|0|||INST_NONE|
14:17:00||lib/pixelsorting.jar|INST_NEW|Up|1496520534|a7f903a623bbc454026a9437b5046e74|3565|00000317oc3bhx8sazb5|4||201|0|0|||INST_NONE|
14:17:00||lib/processing_kim.jar|INST_NEW|Up|1495194575|998b725661dc16af313e0f6b1844a6e4|3390|00000320oc3bhx8sazb5|4||201|0|0|||INST_NONE|
14:17:01||pictures/project_log_file|INST_NEW|Up|1498838693|692f436ca5566349ec9d4d566aab129e|958|00000323oc3bhx8sazb5|4||201|0|0|||INST_NONE|
14:17:02||pictures/test_00010.png|INST_NEW|Up|1496427368|a9e9c97c6eeb2b9dec1c2dd743b3b09e|3007815|00000326oc3bhx8sazb5|4||201|0|0|||INST_NONE|
14:17:01||lib/jogl-all.jar|INST_NEW|Up|1445621000|43d7bdb4a7d16d630ca5a5801fa3e8ec|3414448|00000329oc3bhx8sazb5|4||201|0|0|||INST_NONE|
14:17:01||pictures/test_0001.png|INST_NEW|Up|1496426417|2efe78a608b2df8aa2a2acdc938de65a|2802395|00000332oc3bhx8sazb5|4||201|0|0|||INST_NONE|
14:17:09||pictures/test_0003.png|INST_NEW|Up|1496426606|21af8252c52309b1699f99823b9f1d18|2598256|00000335oc3bhx8sazb5|4||201|0|0|||INST_NONE|
14:17:08||pictures/test_0002.png|INST_NEW|Up|1496426561|2648df8dc5833dd74d4685b2391484c1|2851087|00000338oc3bhx8sazb5|4||201|0|0|||INST_NONE|
14:17:10||pictures/test_0003.pngtest_0003.png|INST_NEW|Up|1496508648|f8931a022a3b6fb75d9f961be461e4c8|2664932|00000341oc3bhx8sazb5|4||201|0|0|||INST_NONE|
14:17:15||pictures/test_0004_1.png|INST_NEW|Up|1496418679|24c7a6e6f0b06f41e565af8394d877c5|1114553|00000344oc3bhx8sazb5|4||201|0|0|||INST_NONE|
14:17:15||pictures/test_0004.png|INST_NEW|Up|1496422068|078728352cc29fac1d04e9a96a59bf65|2550625|00000347oc3bhx8sazb5|4||201|0|0|||INST_NONE|
14:17:17||pictures/test_0005.png|INST_NEW|Up|1496426715|0c5110426f927c8360cb6c0c5277e31f|2726890|00000350oc3bhx8sazb5|4||201|0|0|||INST_NONE|
14:17:19||pictures/test_0006.png|INST_NEW|Up|1496426797|0ef648d1672ba75c0bf11881f42885d9|2861138|00000353oc3bhx8sazb5|4||201|0|0|||INST_NONE|
14:17:22||pictures/test_0007.png|INST_NEW|Up|1496426843|44331906a2e7f547168b9649a0154361|2695446|00000356oc3bhx8sazb5|4||201|0|0|||INST_NONE|
14:17:25||pictures/test_0008.png|INST_NEW|Up|1496427188|f6e00e257de2343b164de36404cbd64b|2808489|00000359oc3bhx8sazb5|4||201|0|0|||INST_NONE|
14:17:27||pictures/test_0009.png|INST_NEW|Up|1496427200|8450df44d5e3adcbf4b022beab4128ff|2956001|00000362oc3bhx8sazb5|4||201|0|0|||INST_NONE|
14:17:28||pictures/test_0010.png|INST_NEW|Up|1496431268|a3ee8d60a8b266e72e4a6d1459277aaa|3104978|00000365oc3bhx8sazb5|4||201|0|0|||INST_NONE|
14:17:34||pictures/test_0011.png|INST_NEW|Up|1496431280|deed5d238c85615f8a9dcbe0281f0de6|2819503|00000368oc3bhx8sazb5|4||201|0|0|||INST_NONE|
14:17:35||pictures/test_0012.png|INST_NEW|Up|1496431292|53e41c1da5c0e47cdbbd2a7a9677327a|3093138|00000371oc3bhx8sazb5|4||201|0|0|||INST_NONE|
14:17:42||pictures/test_0014.png|INST_NEW|Up|1496431313|85a9a06f6e0f3c51b7eabd82cbd92445|0|00000374oc3bhx8sazb5|4||201|0|0|||INST_NONE|
14:17:36||pictures/test_0013.png|INST_NEW|Up|1496431303|0a921721b29bab62a8e44f47c1dea497|2951484|00000377oc3bhx8sazb5|4||201|0|0|||INST_NONE|
14:17:42||pictures/test_0015.png|INST_NEW|Up|1496431407|10630c4d7b95fb922339eb51d942e63d|3129270|00000380oc3bhx8sazb5|4||201|0|0|||INST_NONE|
14:17:43||pictures/test_0016.png|INST_NEW|Up|1496431419|b5f60dc96a7582e012a7342adf845924|3034170|00000383oc3bhx8sazb5|4||201|0|0|||INST_NONE|
14:17:44||pictures/test_0017.png|INST_NEW|Up|1496431431|05354f13101d8c009aed3ec0c5cedbe2|3161938|00000386oc3bhx8sazb5|4||201|0|0|||INST_NONE|
14:17:47||pictures/test_0018.png|INST_NEW|Up|1496431444|f656268e5f75cfc0647d35e2f73e12ac|3093363|00000389oc3bhx8sazb5|4||201|0|0|||INST_NONE|
14:17:52||pictures/test_0019.png|INST_NEW|Up|1496431456|6f3b72ec633ce54b3a1000ce80fd045c|3127297|00000392oc3bhx8sazb5|4||201|0|0|||INST_NONE|
14:17:54||pictures/test_0020.png|INST_NEW|Up|1496433378|f3a736b3ec51d665f912aa7fe47eabda|2468473|00000395oc3bhx8sazb5|4||201|0|0|||INST_NONE|
14:17:55||pictures/test_0021.png|INST_NEW|Up|1496433389|8a5e466f3d5c3931da22a1f6ed80138f|2750569|00000398oc3bhx8sazb5|4||201|0|0|||INST_NONE|
14:18:00||pictures/test_0022.png|INST_NEW|Up|1496506614|18e133994a751ad166eb552d03ddf8c9|3122784|00000401oc3bhx8sazb5|4||201|0|0|||INST_NONE|
14:18:01||pictures/test_0023.png|INST_NEW|Up|1496509954|da23ba2566ed875aee6ce3bce08f5a19|2761833|00000404oc3bhx8sazb5|4||201|0|0|||INST_NONE|
14:18:02||pictures/test_0024.png|INST_NEW|Up|1496509970|b5ae38e804a37759d6ac34f548be6629|2887081|00000407oc3bhx8sazb5|4||201|0|0|||INST_NONE|
14:18:08||pictures/test_0025.png|INST_NEW|Up|1496509976|8a0b84c0e94b03f53e361ce38fa477db|2820385|00000410oc3bhx8sazb5|4||201|0|0|||INST_NONE|
14:18:09||pictures/test_0026.png|INST_NEW|Up|1496509982|f59ec3698cde5ca8cc50ab03c9868251|2768198|00000413oc3bhx8sazb5|4||201|0|0|||INST_NONE|
14:18:10||pictures/test_0027.png|INST_NEW|Up|1496510209|7487e6668b5b20c4e3f0bf56b3128b3f|2773231|00000416oc3bhx8sazb5|4||201|0|0|||INST_NONE|
14:18:15||pictures/test_0028.png|INST_NEW|Up|1496510275|eb7a45f5099036598cda54aebed69fb9|2740963|00000419oc3bhx8sazb5|4||201|0|0|||INST_NONE|
14:18:17||pictures/test_0029.png|INST_NEW|Up|1496510286|39573083191e27984841a3de2ea51d57|2971915|00000422oc3bhx8sazb5|4||201|0|0|||INST_NONE|
14:18:17||pictures/test_0030.png|INST_NEW|Up|1496510298|6bf1742ad3a42532d7cc30657f0c4c86|2775833|00000425oc3bhx8sazb5|4||201|0|0|||INST_NONE|
14:18:22||pictures/test_0031.png|INST_NEW|Up|1496510310|4a425b241e3e585eb48fabe6397199d5|2768917|00000428oc3bhx8sazb5|4||201|0|0|||INST_NONE|
14:18:25||pictures/test_0032.png|INST_NEW|Up|1496510321|10a5e351913cba7ff451d72c46a7755f|2801089|00000431oc3bhx8sazb5|4||201|0|0|||INST_NONE|
14:18:25||pictures/test_0033.png|INST_NEW|Up|1496510333|dc05ec3713ad19d5545e13d0f5916e6c|2780911|00000434oc3bhx8sazb5|4||201|0|0|||INST_NONE|
14:18:30||pictures/test_0034.png|INST_NEW|Up|1496510344|5731eb8ef8e734812a7b90d89b49a8fe|2785986|00000437oc3bhx8sazb5|4||201|0|0|||INST_NONE|
14:18:32||pictures/test_0035.png|INST_NEW|Up|1496510356|93d47c2a453be2900355049ee550303c|2767557|00000440oc3bhx8sazb5|4||201|0|0|||INST_NONE|
14:18:33||pictures/test_0036.png|INST_NEW|Up|1496512746|20cd1caa5c0d7def48b35534789c88be|2990505|00000443oc3bhx8sazb5|4||201|0|0|||INST_NONE|
14:18:38||pictures/test_0038.png|INST_NEW|Up|1496514616|e37c4eae218694a8ee755f5133ee58b7|2830061|00000446oc3bhx8sazb5|4||201|0|0|||INST_NONE|
14:18:38||pictures/test_0037.png|INST_NEW|Up|1496514557|50c060b3a90f85307a8d2dcb82199598|2801230|00000449oc3bhx8sazb5|4||201|0|0|||INST_NONE|
14:18:41||pictures/test_0039.png|INST_NEW|Up|1496514840|576d3a9274841a8970b471ba4331c8ba|2793083|00000452oc3bhx8sazb5|4||201|0|0|||INST_NONE|
14:18:46||pictures/test_0040.png|INST_NEW|Up|1496515092|4a2681d542d4ca456b21879c44290251|2282449|00000455oc3bhx8sazb5|4||201|0|0|||INST_NONE|
14:18:46||pictures/test_0041.png|INST_NEW|Up|1496515117|a1c933594236eaec48f012e55c227a12|2981828|00000458oc3bhx8sazb5|4||201|0|0|||INST_NONE|
14:18:50||pictures/test_0042.png|INST_NEW|Up|1497705556|134c19b93e04558470a9a72e732e8636|3199278|00000461oc3bhx8sazb5|4||201|0|0|||INST_NONE|
14:18:52||pictures/test_0043.png|INST_NEW|Up|1497705868|f6e6abae62d46276742965ea107d44de|3196378|00000464oc3bhx8sazb5|4||201|0|0|||INST_NONE|
14:18:56||pictures/test_0044.png|INST_NEW|Up|1497705895|9026bbf1277f1c883b8076b0ee712d82|2843746|00000467oc3bhx8sazb5|4||201|0|0|||INST_NONE|
14:19:00||pictures/test_0045.png|INST_NEW|Up|1497707044|0bb15b9efe8c6d231d0c5de06311c424|2956178|00000470oc3bhx8sazb5|4||201|0|0|||INST_NONE|
14:19:00||pictures/test_0046.png|INST_NEW|Up|1497722795|4e26f35ff4f62f0507d414d3be8a0c2e|3136178|00000473oc3bhx8sazb5|4||201|0|0|||INST_NONE|
14:19:03||pictures/test_0047.png|INST_NEW|Up|1497723020|413cd515577be923116ad19e95b43189|2638872|00000476oc3bhx8sazb5|4||201|0|0|||INST_NONE|
14:19:08||pictures/test_0048.png|INST_NEW|Up|1497723677|8ba1fdbbec89eb2524529713661eadd0|2837437|00000479oc3bhx8sazb5|4||201|0|0|||INST_NONE|
14:19:10||pictures/test_0050.png|INST_NEW|Up|1498402673|488ed5332e5ee988f5d9858f9de8d141|2949029|00000482oc3bhx8sazb5|4||201|0|0|||INST_NONE|
14:19:10||pictures/test_0049.png|INST_NEW|Up|1498402538|2198c36979a31ab8159f112daac96fc1|2969052|00000485oc3bhx8sazb5|4||201|0|0|||INST_NONE|
14:19:15||pictures/test_0051.png|INST_NEW|Up|1498829367|db16bf78055ba6d6575f98e39b95a589|1494758|00000488oc3bhx8sazb5|4||201|0|0|||INST_NONE|
14:19:18||pictures/test_0052.png|INST_NEW|Up|1498829481|5658681767fcf93ab1797443c373a42c|1533157|00000491oc3bhx8sazb5|4||201|0|0|||INST_NONE|
14:19:19||pictures/test_0054.png|INST_NEW|Up|1498829723|68cd1f36cb7d39a389b7c4af99855262|1365583|00000494oc3bhx8sazb5|4||201|0|0|||INST_NONE|
14:19:18||pictures/test_0053.png|INST_NEW|Up|1498829495|3e70394c8a2b8b3512be7752aeaa4107|1323333|00000500oc3bhx8sazb5|4||201|0|0|||INST_NONE|
